<?xml version="1.0" encoding="UTF-8"?>
<testsuite xmlns:xsi="http://www.w3.org/2001/XMLSchema-instance" xsi:noNamespaceSchemaLocation="https://maven.apache.org/surefire/maven-surefire-plugin/xsd/surefire-test-report.xsd" name="TestSuite" time="9.257" tests="35" errors="0" skipped="34" failures="1">
  <properties>
    <property name="sun.desktop" value="windows"/>
    <property name="awt.toolkit" value="sun.awt.windows.WToolkit"/>
    <property name="file.encoding.pkg" value="sun.io"/>
    <property name="java.specification.version" value="1.8"/>
    <property name="sun.cpu.isalist" value="amd64"/>
    <property name="sun.jnu.encoding" value="Cp1252"/>
    <property name="java.class.path" value="C:\Users\n.e.mishra\workspace\mavensample\target\test-classes;C:\Users\n.e.mishra\workspace\mavensample\target\classes;C:\Users\n.e.mishra\.m2\repository\junit\junit\4.12\junit-4.12.jar;C:\Users\n.e.mishra\.m2\repository\org\hamcrest\hamcrest-core\1.3\hamcrest-core-1.3.jar;C:\Users\n.e.mishra\.m2\repository\org\seleniumhq\selenium\selenium-java\3.141.59\selenium-java-3.141.59.jar;C:\Users\n.e.mishra\.m2\repository\org\seleniumhq\selenium\selenium-api\3.141.59\selenium-api-3.141.59.jar;C:\Users\n.e.mishra\.m2\repository\org\seleniumhq\selenium\selenium-chrome-driver\3.141.59\selenium-chrome-driver-3.141.59.jar;C:\Users\n.e.mishra\.m2\repository\org\seleniumhq\selenium\selenium-edge-driver\3.141.59\selenium-edge-driver-3.141.59.jar;C:\Users\n.e.mishra\.m2\repository\org\seleniumhq\selenium\selenium-firefox-driver\3.141.59\selenium-firefox-driver-3.141.59.jar;C:\Users\n.e.mishra\.m2\repository\org\seleniumhq\selenium\selenium-ie-driver\3.141.59\selenium-ie-driver-3.141.59.jar;C:\Users\n.e.mishra\.m2\repository\org\seleniumhq\selenium\selenium-opera-driver\3.141.59\selenium-opera-driver-3.141.59.jar;C:\Users\n.e.mishra\.m2\repository\org\seleniumhq\selenium\selenium-remote-driver\3.141.59\selenium-remote-driver-3.141.59.jar;C:\Users\n.e.mishra\.m2\repository\org\seleniumhq\selenium\selenium-safari-driver\3.141.59\selenium-safari-driver-3.141.59.jar;C:\Users\n.e.mishra\.m2\repository\org\seleniumhq\selenium\selenium-support\3.141.59\selenium-support-3.141.59.jar;C:\Users\n.e.mishra\.m2\repository\net\bytebuddy\byte-buddy\1.8.15\byte-buddy-1.8.15.jar;C:\Users\n.e.mishra\.m2\repository\org\apache\commons\commons-exec\1.3\commons-exec-1.3.jar;C:\Users\n.e.mishra\.m2\repository\com\google\guava\guava\25.0-jre\guava-25.0-jre.jar;C:\Users\n.e.mishra\.m2\repository\com\google\code\findbugs\jsr305\1.3.9\jsr305-1.3.9.jar;C:\Users\n.e.mishra\.m2\repository\org\checkerframework\checker-compat-qual\2.0.0\checker-compat-qual-2.0.0.jar;C:\Users\n.e.mishra\.m2\repository\com\google\errorprone\error_prone_annotations\2.1.3\error_prone_annotations-2.1.3.jar;C:\Users\n.e.mishra\.m2\repository\com\google\j2objc\j2objc-annotations\1.1\j2objc-annotations-1.1.jar;C:\Users\n.e.mishra\.m2\repository\org\codehaus\mojo\animal-sniffer-annotations\1.14\animal-sniffer-annotations-1.14.jar;C:\Users\n.e.mishra\.m2\repository\com\squareup\okhttp3\okhttp\3.11.0\okhttp-3.11.0.jar;C:\Users\n.e.mishra\.m2\repository\com\squareup\okio\okio\1.14.0\okio-1.14.0.jar;C:\Users\n.e.mishra\.m2\repository\org\testng\testng\7.0.0\testng-7.0.0.jar;C:\Users\n.e.mishra\.m2\repository\com\beust\jcommander\1.72\jcommander-1.72.jar;C:\Users\n.e.mishra\.m2\repository\org\apache\maven\surefire\surefire-testng-utils\2.22.0\surefire-testng-utils-2.22.0.jar;C:\Users\n.e.mishra\.m2\repository\org\apache\maven\surefire\surefire-grouper\2.22.0\surefire-grouper-2.22.0.jar;"/>
    <property name="java.vm.vendor" value="Oracle Corporation"/>
    <property name="sun.arch.data.model" value="64"/>
    <property name="user.variant" value=""/>
    <property name="java.vendor.url" value="http://java.oracle.com/"/>
    <property name="user.timezone" value="Asia/Calcutta"/>
    <property name="java.vm.specification.version" value="1.8"/>
    <property name="os.name" value="Windows 10"/>
    <property name="user.country" value="US"/>
    <property name="sun.java.launcher" value="SUN_STANDARD"/>
    <property name="sun.boot.library.path" value="C:\Program Files\Java\jdk1.8.0_201\jre\bin"/>
    <property name="sun.java.command" value="C:\Users\NEC936~1.MIS\AppData\Local\Temp\surefire8305260415611654937\surefirebooter204679829978606020.jar C:\Users\n.e.mishra\AppData\Local\Temp\surefire8305260415611654937 2019-11-12T10-27-21_825-jvmRun1 surefire4964495906962370246tmp surefire_03644233960437660010tmp"/>
    <property name="surefire.test.class.path" value="C:\Users\n.e.mishra\workspace\mavensample\target\test-classes;C:\Users\n.e.mishra\workspace\mavensample\target\classes;C:\Users\n.e.mishra\.m2\repository\junit\junit\4.12\junit-4.12.jar;C:\Users\n.e.mishra\.m2\repository\org\hamcrest\hamcrest-core\1.3\hamcrest-core-1.3.jar;C:\Users\n.e.mishra\.m2\repository\org\seleniumhq\selenium\selenium-java\3.141.59\selenium-java-3.141.59.jar;C:\Users\n.e.mishra\.m2\repository\org\seleniumhq\selenium\selenium-api\3.141.59\selenium-api-3.141.59.jar;C:\Users\n.e.mishra\.m2\repository\org\seleniumhq\selenium\selenium-chrome-driver\3.141.59\selenium-chrome-driver-3.141.59.jar;C:\Users\n.e.mishra\.m2\repository\org\seleniumhq\selenium\selenium-edge-driver\3.141.59\selenium-edge-driver-3.141.59.jar;C:\Users\n.e.mishra\.m2\repository\org\seleniumhq\selenium\selenium-firefox-driver\3.141.59\selenium-firefox-driver-3.141.59.jar;C:\Users\n.e.mishra\.m2\repository\org\seleniumhq\selenium\selenium-ie-driver\3.141.59\selenium-ie-driver-3.141.59.jar;C:\Users\n.e.mishra\.m2\repository\org\seleniumhq\selenium\selenium-opera-driver\3.141.59\selenium-opera-driver-3.141.59.jar;C:\Users\n.e.mishra\.m2\repository\org\seleniumhq\selenium\selenium-remote-driver\3.141.59\selenium-remote-driver-3.141.59.jar;C:\Users\n.e.mishra\.m2\repository\org\seleniumhq\selenium\selenium-safari-driver\3.141.59\selenium-safari-driver-3.141.59.jar;C:\Users\n.e.mishra\.m2\repository\org\seleniumhq\selenium\selenium-support\3.141.59\selenium-support-3.141.59.jar;C:\Users\n.e.mishra\.m2\repository\net\bytebuddy\byte-buddy\1.8.15\byte-buddy-1.8.15.jar;C:\Users\n.e.mishra\.m2\repository\org\apache\commons\commons-exec\1.3\commons-exec-1.3.jar;C:\Users\n.e.mishra\.m2\repository\com\google\guava\guava\25.0-jre\guava-25.0-jre.jar;C:\Users\n.e.mishra\.m2\repository\com\google\code\findbugs\jsr305\1.3.9\jsr305-1.3.9.jar;C:\Users\n.e.mishra\.m2\repository\org\checkerframework\checker-compat-qual\2.0.0\checker-compat-qual-2.0.0.jar;C:\Users\n.e.mishra\.m2\repository\com\google\errorprone\error_prone_annotations\2.1.3\error_prone_annotations-2.1.3.jar;C:\Users\n.e.mishra\.m2\repository\com\google\j2objc\j2objc-annotations\1.1\j2objc-annotations-1.1.jar;C:\Users\n.e.mishra\.m2\repository\org\codehaus\mojo\animal-sniffer-annotations\1.14\animal-sniffer-annotations-1.14.jar;C:\Users\n.e.mishra\.m2\repository\com\squareup\okhttp3\okhttp\3.11.0\okhttp-3.11.0.jar;C:\Users\n.e.mishra\.m2\repository\com\squareup\okio\okio\1.14.0\okio-1.14.0.jar;C:\Users\n.e.mishra\.m2\repository\org\testng\testng\7.0.0\testng-7.0.0.jar;C:\Users\n.e.mishra\.m2\repository\com\beust\jcommander\1.72\jcommander-1.72.jar;C:\Users\n.e.mishra\.m2\repository\org\apache\maven\surefire\surefire-testng-utils\2.22.0\surefire-testng-utils-2.22.0.jar;C:\Users\n.e.mishra\.m2\repository\org\apache\maven\surefire\surefire-grouper\2.22.0\surefire-grouper-2.22.0.jar;"/>
    <property name="sun.cpu.endian" value="little"/>
    <property name="user.home" value="C:\Users\n.e.mishra"/>
    <property name="user.language" value="en"/>
    <property name="java.specification.vendor" value="Oracle Corporation"/>
    <property name="java.home" value="C:\Program Files\Java\jdk1.8.0_201\jre"/>
    <property name="basedir" value="C:\Users\n.e.mishra\workspace\mavensample"/>
    <property name="file.separator" value="\"/>
    <property name="line.separator" value="&#10;"/>
    <property name="java.vm.specification.vendor" value="Oracle Corporation"/>
    <property name="java.specification.name" value="Java Platform API Specification"/>
    <property name="java.awt.graphicsenv" value="sun.awt.Win32GraphicsEnvironment"/>
    <property name="surefire.real.class.path" value="C:\Users\NEC936~1.MIS\AppData\Local\Temp\surefire8305260415611654937\surefirebooter204679829978606020.jar"/>
    <property name="sun.boot.class.path" value="C:\Program Files\Java\jdk1.8.0_201\jre\lib\resources.jar;C:\Program Files\Java\jdk1.8.0_201\jre\lib\rt.jar;C:\Program Files\Java\jdk1.8.0_201\jre\lib\sunrsasign.jar;C:\Program Files\Java\jdk1.8.0_201\jre\lib\jsse.jar;C:\Program Files\Java\jdk1.8.0_201\jre\lib\jce.jar;C:\Program Files\Java\jdk1.8.0_201\jre\lib\charsets.jar;C:\Program Files\Java\jdk1.8.0_201\jre\lib\jfr.jar;C:\Program Files\Java\jdk1.8.0_201\jre\classes"/>
    <property name="user.script" value=""/>
    <property name="sun.management.compiler" value="HotSpot 64-Bit Tiered Compilers"/>
    <property name="java.runtime.version" value="1.8.0_201-b09"/>
    <property name="user.name" value="n.e.mishra"/>
    <property name="path.separator" value=";"/>
    <property name="os.version" value="10.0"/>
    <property name="java.endorsed.dirs" value="C:\Program Files\Java\jdk1.8.0_201\jre\lib\endorsed"/>
    <property name="java.runtime.name" value="Java(TM) SE Runtime Environment"/>
    <property name="file.encoding" value="Cp1252"/>
    <property name="java.vm.name" value="Java HotSpot(TM) 64-Bit Server VM"/>
    <property name="localRepository" value="C:\Users\n.e.mishra\.m2\repository"/>
    <property name="java.vendor.url.bug" value="http://bugreport.sun.com/bugreport/"/>
    <property name="java.io.tmpdir" value="C:\Users\NEC936~1.MIS\AppData\Local\Temp\"/>
    <property name="java.version" value="1.8.0_201"/>
    <property name="user.dir" value="C:\Users\n.e.mishra\workspace\mavensample"/>
    <property name="os.arch" value="amd64"/>
    <property name="java.vm.specification.name" value="Java Virtual Machine Specification"/>
    <property name="java.awt.printerjob" value="sun.awt.windows.WPrinterJob"/>
    <property name="sun.os.patch.level" value=""/>
    <property name="java.library.path" value="C:\Program Files\Java\jdk1.8.0_201\jre\bin;C:\WINDOWS\Sun\Java\bin;C:\WINDOWS\system32;C:\WINDOWS;C:/Program Files/Java/jre1.8.0_231/bin/server;C:/Program Files/Java/jre1.8.0_231/bin;C:/Program Files/Java/jre1.8.0_231/lib/amd64;C:\SeleniumSoftwares\apache-maven-3.6.2\bin;C:\Program Files (x86)\Common Files\Oracle\Java\javapath;C:\Program Files (x86)\Intel\Intel(R) Management Engine Components\iCLS\;C:\Program Files\Intel\Intel(R) Management Engine Components\iCLS\;C:\WINDOWS\system32;C:\WINDOWS;C:\WINDOWS\System32\Wbem;C:\WINDOWS\System32\WindowsPowerShell\v1.0\;C:\WINDOWS\System32\OpenSSH\;C:\Program Files (x86)\Intel\Intel(R) Management Engine Components\DAL;C:\Program Files\Intel\Intel(R) Management Engine Components\DAL;%MAVEN_HOME%\bin;C:\Program Files\Git\cmd;C:\Program Files\Git\mingw64\bin;C:\Program Files\Git\usr\bin;C:\Users\n.e.mishra\AppData\Local\Microsoft\WindowsApps;C:\Users\n.e.mishra\AppData\Local\GitHubDesktop\bin;C:\Users\n.e.mishra\AppData\Local\Microsoft\WindowsApps;&quot;C:\Users\n.e.mishra\chromedriver.exe;&quot;;;C:\Users\n.e.mishra\AppData\Local\Programs\Fiddler;C:\Users\n.e.mishra\Eclipse\eclipse;;."/>
    <property name="java.vm.info" value="mixed mode"/>
    <property name="java.vendor" value="Oracle Corporation"/>
    <property name="java.vm.version" value="25.201-b09"/>
    <property name="java.ext.dirs" value="C:\Program Files\Java\jdk1.8.0_201\jre\lib\ext;C:\WINDOWS\Sun\Java\lib\ext"/>
    <property name="sun.io.unicode.encoding" value="UnicodeLittle"/>
    <property name="java.class.version" value="52.0"/>
  </properties>
  <testcase name="beforeTest" classname="testngFeature.OpenGoogle" time="8.623">
    <failure message="session not created&#10;from disconnected: received Inspector.detached event&#10;  (Session info: chrome=78.0.3904.87)&#10;Build info: version: &apos;3.141.59&apos;, revision: &apos;e82be7d358&apos;, time: &apos;2018-11-14T08:17:03&apos;&#10;System info: host: &apos;P3ALAP-G01FTQF&apos;, ip: &apos;10.222.162.86&apos;, os.name: &apos;Windows 10&apos;, os.arch: &apos;amd64&apos;, os.version: &apos;10.0&apos;, java.version: &apos;1.8.0_201&apos;&#10;Driver info: driver.version: ChromeDriver&#10;remote stacktrace: Backtrace:&#10;	Ordinal0 [0x002AA903+1550595]&#10;	Ordinal0 [0x0022A701+1025793]&#10;	Ordinal0 [0x001AC6E5+509669]&#10;	Ordinal0 [0x001A5229+479785]&#10;	Ordinal0 [0x001A4DFA+478714]&#10;	Ordinal0 [0x001A4878+477304]&#10;	Ordinal0 [0x001A3FEA+475114]&#10;	Ordinal0 [0x001A4105+475397]&#10;	Ordinal0 [0x001A3BB5+474037]&#10;	Ordinal0 [0x001AB445+504901]&#10;	Ordinal0 [0x001A3B68+473960]&#10;	Ordinal0 [0x001A451B+476443]&#10;	Ordinal0 [0x001A3FEA+475114]&#10;	Ordinal0 [0x001A4105+475397]&#10;	Ordinal0 [0x001A3BB5+474037]&#10;	Ordinal0 [0x001A9D8E+499086]&#10;	Ordinal0 [0x001A3B68+473960]&#10;	Ordinal0 [0x001A451B+476443]&#10;	Ordinal0 [0x001A3FEA+475114]&#10;	Ordinal0 [0x001A4105+475397]&#10;	Ordinal0 [0x001A3BB5+474037]&#10;	Ordinal0 [0x001A860D+493069]&#10;	Ordinal0 [0x001A3B68+473960]&#10;	Ordinal0 [0x001A451B+476443]&#10;	Ordinal0 [0x001A3FEA+475114]&#10;	Ordinal0 [0x001A4105+475397]&#10;	Ordinal0 [0x001A3BB5+474037]&#10;	Ordinal0 [0x001A7CC7+490695]&#10;	Ordinal0 [0x001A3B68+473960]&#10;	Ordinal0 [0x001A451B+476443]&#10;	Ordinal0 [0x001A3FEA+475114]&#10;	Ordinal0 [0x001A4105+475397]&#10;	Ordinal0 [0x001A3BB5+474037]&#10;	Ordinal0 [0x001A07AC+460716]&#10;	Ordinal0 [0x001A3B68+473960]&#10;	Ordinal0 [0x001A3A44+473668]&#10;	Ordinal0 [0x001AD330+512816]&#10;	Ordinal0 [0x0015B649+177737]&#10;	Ordinal0 [0x0015A8ED+174317]&#10;	Ordinal0 [0x00158CDB+167131]&#10;	Ordinal0 [0x0014144A+70730]&#10;	Ordinal0 [0x001424D0+74960]&#10;	Ordinal0 [0x00142469+74857]&#10;	Ordinal0 [0x002442C7+1131207]&#10;	GetHandleVerifier [0x003470FD+523789]&#10;	GetHandleVerifier [0x00346E90+523168]&#10;	GetHandleVerifier [0x0034E1E7+552695]&#10;	GetHandleVerifier [0x003478FA+525834]&#10;	Ordinal0 [0x0023B7FC+1095676]&#10;	Ordinal0 [0x0024633B+1139515]&#10;	Ordinal0 [0x002464A3+1139875]&#10;	Ordinal0 [0x00245425+1135653]&#10;	BaseThreadInitThunk [0x753C0419+25]&#10;	RtlGetAppContainerNamedObjectPath [0x777C662D+237]&#10;	RtlGetAppContainerNamedObjectPath [0x777C65FD+189]&#10;" type="org.openqa.selenium.SessionNotCreatedException">org.openqa.selenium.SessionNotCreatedException: 
session not created
from disconnected: received Inspector.detached event
  (Session info: chrome=78.0.3904.87)
Build info: version: '3.141.59', revision: 'e82be7d358', time: '2018-11-14T08:17:03'
System info: host: 'P3ALAP-G01FTQF', ip: '10.222.162.86', os.name: 'Windows 10', os.arch: 'amd64', os.version: '10.0', java.version: '1.8.0_201'
Driver info: driver.version: ChromeDriver
remote stacktrace: Backtrace:
	Ordinal0 [0x002AA903+1550595]
	Ordinal0 [0x0022A701+1025793]
	Ordinal0 [0x001AC6E5+509669]
	Ordinal0 [0x001A5229+479785]
	Ordinal0 [0x001A4DFA+478714]
	Ordinal0 [0x001A4878+477304]
	Ordinal0 [0x001A3FEA+475114]
	Ordinal0 [0x001A4105+475397]
	Ordinal0 [0x001A3BB5+474037]
	Ordinal0 [0x001AB445+504901]
	Ordinal0 [0x001A3B68+473960]
	Ordinal0 [0x001A451B+476443]
	Ordinal0 [0x001A3FEA+475114]
	Ordinal0 [0x001A4105+475397]
	Ordinal0 [0x001A3BB5+474037]
	Ordinal0 [0x001A9D8E+499086]
	Ordinal0 [0x001A3B68+473960]
	Ordinal0 [0x001A451B+476443]
	Ordinal0 [0x001A3FEA+475114]
	Ordinal0 [0x001A4105+475397]
	Ordinal0 [0x001A3BB5+474037]
	Ordinal0 [0x001A860D+493069]
	Ordinal0 [0x001A3B68+473960]
	Ordinal0 [0x001A451B+476443]
	Ordinal0 [0x001A3FEA+475114]
	Ordinal0 [0x001A4105+475397]
	Ordinal0 [0x001A3BB5+474037]
	Ordinal0 [0x001A7CC7+490695]
	Ordinal0 [0x001A3B68+473960]
	Ordinal0 [0x001A451B+476443]
	Ordinal0 [0x001A3FEA+475114]
	Ordinal0 [0x001A4105+475397]
	Ordinal0 [0x001A3BB5+474037]
	Ordinal0 [0x001A07AC+460716]
	Ordinal0 [0x001A3B68+473960]
	Ordinal0 [0x001A3A44+473668]
	Ordinal0 [0x001AD330+512816]
	Ordinal0 [0x0015B649+177737]
	Ordinal0 [0x0015A8ED+174317]
	Ordinal0 [0x00158CDB+167131]
	Ordinal0 [0x0014144A+70730]
	Ordinal0 [0x001424D0+74960]
	Ordinal0 [0x00142469+74857]
	Ordinal0 [0x002442C7+1131207]
	GetHandleVerifier [0x003470FD+523789]
	GetHandleVerifier [0x00346E90+523168]
	GetHandleVerifier [0x0034E1E7+552695]
	GetHandleVerifier [0x003478FA+525834]
	Ordinal0 [0x0023B7FC+1095676]
	Ordinal0 [0x0024633B+1139515]
	Ordinal0 [0x002464A3+1139875]
	Ordinal0 [0x00245425+1135653]
	BaseThreadInitThunk [0x753C0419+25]
	RtlGetAppContainerNamedObjectPath [0x777C662D+237]
	RtlGetAppContainerNamedObjectPath [0x777C65FD+189]

	at testngFeature.OpenGoogle.beforeTest(OpenGoogle.java:22)
</failure>
    <system-out><![CDATA[[TestNGContentHandler] [WARN] It is strongly recommended to add "<!DOCTYPE suite SYSTEM "https://testng.org/testng-1.0.dtd" >" at the top of your file, otherwise TestNG may fail or not work as expected.
I am in @BeforeSuite annotation
I am in @Beforetest annotation
]]></system-out>
    <system-err><![CDATA[Starting ChromeDriver 78.0.3904.70 (edb9c9f3de0247fd912a77b7f6cae7447f6d3ad5-refs/branch-heads/3904@{#800}) on port 30903
Only local connections are allowed.
Please protect ports used by ChromeDriver and related test frameworks to prevent access by malicious code.
]]>