<?xml version="1.0" encoding="UTF-8"?>
<!-- Generated by org.testng.reporters.JUnitReportReporter -->
<testsuite skipped="0" hostname="P3ALAP-G01FTQF" name="demowebdrivers.DemoCSSSelector" tests="1" failures="0" timestamp="06 Nov 2019 04:58:02 GMT" time="3.091" errors="0">
  <testcase name="f" time="3.091" classname="demowebdrivers.DemoCSSSelector"/>
</testsuite> <!-- demowebdrivers.DemoCSSSelector -->
