<?xml version="1.0" encoding="UTF-8"?>
<!-- Generated by org.testng.reporters.JUnitReportReporter -->
<testsuite skipped="0" hostname="P3ALAP-G01FTQF" name="testngFeature.NewTest" tests="1" failures="0" timestamp="05 Nov 2019 05:47:44 GMT" time="0.000" errors="0">
  <testcase name="f" time="0.000" classname="testngFeature.NewTest"/>
</testsuite> <!-- testngFeature.NewTest -->
