<?xml version="1.0" encoding="UTF-8"?>
<!-- Generated by org.testng.reporters.JUnitReportReporter -->
<testsuite skipped="0" hostname="P3ALAP-G01FTQF" name="demowebdrivers.DemoFrames" tests="1" failures="0" timestamp="06 Nov 2019 07:20:46 GMT" time="10.515" errors="0">
  <testcase name="f" time="10.515" classname="demowebdrivers.DemoFrames"/>
</testsuite> <!-- demowebdrivers.DemoFrames -->
