<?xml version="1.0" encoding="UTF-8"?>
<!-- Generated by org.testng.reporters.JUnitReportReporter -->
<testsuite skipped="0" hostname="P3ALAP-G01FTQF" name="testngFeature.DemoDataProvider" tests="3" failures="0" timestamp="02 Dec 2019 06:06:19 GMT" time="0.015" errors="0">
  <testcase name="login" time="0.002" classname="testngFeature.DemoDataProvider"/>
  <testcase name="login" time="0.002" classname="testngFeature.DemoDataProvider"/>
  <testcase name="login" time="0.011" classname="testngFeature.DemoDataProvider"/>
</testsuite> <!-- testngFeature.DemoDataProvider -->
