<?xml version="1.0" encoding="UTF-8"?>
<!-- Generated by org.testng.reporters.JUnitReportReporter -->
<testsuite skipped="0" hostname="P3ALAP-G01FTQF" name="PageObjectModel.HerokuPOM" tests="1" failures="0" timestamp="06 Nov 2019 09:43:17 GMT" time="1.110" errors="0">
  <testcase name="f" time="1.110" classname="PageObjectModel.HerokuPOM"/>
</testsuite> <!-- PageObjectModel.HerokuPOM -->
