<?xml version="1.0" encoding="UTF-8"?>
<!-- Generated by org.testng.reporters.JUnitReportReporter -->
<testsuite skipped="0" hostname="P3ALAP-G01FTQF" name="demowebdrivers.MercuryLogin" tests="1" failures="0" timestamp="05 Nov 2019 06:44:34 GMT" time="41.867" errors="0">
  <testcase name="f" time="41.867" classname="demowebdrivers.MercuryLogin"/>
</testsuite> <!-- demowebdrivers.MercuryLogin -->
