<?xml version="1.0" encoding="UTF-8"?>
<!-- Generated by org.testng.reporters.JUnitReportReporter -->
<testsuite skipped="0" hostname="P3ALAP-G01FTQF" name="testngFeature.DemoDataProvider" tests="3" failures="0" timestamp="05 Nov 2019 05:47:44 GMT" time="0.004" errors="0">
  <testcase name="login" time="0.000" classname="testngFeature.DemoDataProvider"/>
  <testcase name="login" time="0.003" classname="testngFeature.DemoDataProvider"/>
  <testcase name="login" time="0.001" classname="testngFeature.DemoDataProvider"/>
</testsuite> <!-- testngFeature.DemoDataProvider -->
