<?xml version="1.0" encoding="UTF-8"?>
<!-- Generated by org.testng.reporters.JUnitReportReporter -->
<testsuite skipped="0" hostname="P3ALAP-G01FTQF" name="demowebdrivers.DemoCheckbox" tests="1" failures="0" timestamp="05 Nov 2019 10:08:32 GMT" time="2.098" errors="0">
  <testcase name="f" time="2.098" classname="demowebdrivers.DemoCheckbox"/>
</testsuite> <!-- demowebdrivers.DemoCheckbox -->
