<?xml version="1.0" encoding="UTF-8"?>
<!-- Generated by org.testng.reporters.JUnitReportReporter -->
<testsuite skipped="0" hostname="P3ALAP-G01FTQF" name="demowebdrivers.DemoLinkEnable" tests="1" failures="0" timestamp="05 Nov 2019 09:53:56 GMT" time="0.690" errors="0">
  <testcase name="f" time="0.690" classname="demowebdrivers.DemoLinkEnable"/>
</testsuite> <!-- demowebdrivers.DemoLinkEnable -->
