<?xml version="1.0" encoding="UTF-8"?>
<!-- Generated by org.testng.reporters.JUnitReportReporter -->
<testsuite skipped="0" hostname="P3ALAP-G01FTQF" name="demowebdrivers.DemoTestWindowhandle" tests="1" failures="0" timestamp="06 Nov 2019 06:47:27 GMT" time="1.598" errors="0">
  <testcase name="f" time="1.598" classname="demowebdrivers.DemoTestWindowhandle"/>
</testsuite> <!-- demowebdrivers.DemoTestWindowhandle -->
