<?xml version="1.0" encoding="UTF-8"?>
<!-- Generated by org.testng.reporters.JUnitReportReporter -->
<testsuite skipped="0" hostname="P3ALAP-G01FTQF" name="demowebdrivers.DemoPageScource" tests="1" failures="0" timestamp="06 Nov 2019 05:13:28 GMT" time="1.848" errors="0">
  <testcase name="f" time="1.848" classname="demowebdrivers.DemoPageScource"/>
</testsuite> <!-- demowebdrivers.DemoPageScource -->
