<?xml version="1.0" encoding="UTF-8"?>
<!-- Generated by org.testng.reporters.JUnitReportReporter -->
<testsuite skipped="0" hostname="P3ALAP-G01FTQF" name="demowebdrivers.DemoWindows" tests="1" failures="0" timestamp="06 Nov 2019 06:24:25 GMT" time="3.648" errors="0">
  <testcase name="f" time="3.648" classname="demowebdrivers.DemoWindows"/>
</testsuite> <!-- demowebdrivers.DemoWindows -->
