<?xml version="1.0" encoding="UTF-8"?>
<!-- Generated by org.testng.reporters.JUnitReportReporter -->
<testsuite skipped="0" hostname="P3ALAP-G01FTQF" name="demowebdrivers.DemoNavigation" tests="1" failures="0" timestamp="05 Nov 2019 10:40:00 GMT" time="4.311" errors="0">
  <testcase name="f" time="4.311" classname="demowebdrivers.DemoNavigation"/>
</testsuite> <!-- demowebdrivers.DemoNavigation -->
