<?xml version="1.0" encoding="UTF-8"?>
<!-- Generated by org.testng.reporters.JUnitReportReporter -->
<testsuite skipped="0" hostname="P3ALAP-G01FTQF" name="demowebdrivers.DemogetText" tests="1" failures="0" timestamp="05 Nov 2019 10:16:17 GMT" time="0.133" errors="0">
  <testcase name="f" time="0.133" classname="demowebdrivers.DemogetText"/>
</testsuite> <!-- demowebdrivers.DemogetText -->
