<?xml version="1.0" encoding="UTF-8"?>
<!-- Generated by org.testng.reporters.JUnitReportReporter -->
<testsuite skipped="0" hostname="P3ALAP-G01FTQF" name="demowebdrivers.Newdemo" tests="1" failures="0" timestamp="05 Nov 2019 07:16:43 GMT" time="4.971" errors="0">
  <testcase name="f" time="4.971" classname="demowebdrivers.Newdemo"/>
</testsuite> <!-- demowebdrivers.Newdemo -->
