<?xml version="1.0" encoding="UTF-8"?>
<!-- Generated by org.testng.reporters.JUnitReportReporter -->
<testsuite skipped="0" hostname="P3ALAP-G01FTQF" name="testngFeature.DemodependaOn" tests="3" failures="0" timestamp="05 Nov 2019 06:17:34 GMT" time="0.014" errors="0">
  <testcase name="logout" time="0.000" classname="testngFeature.DemodependaOn"/>
  <testcase name="login" time="0.002" classname="testngFeature.DemodependaOn"/>
  <testcase name="openBrowser" time="0.012" classname="testngFeature.DemodependaOn"/>
</testsuite> <!-- testngFeature.DemodependaOn -->
