<?xml version="1.0" encoding="UTF-8"?>
<!-- Generated by org.testng.reporters.JUnitReportReporter -->
<testsuite skipped="0" hostname="P3ALAP-G01FTQF" name="demowebdrivers.DemoAlert" tests="3" failures="0" timestamp="06 Nov 2019 05:53:42 GMT" time="2.646" errors="0">
  <testcase name="f" time="2.308" classname="demowebdrivers.DemoAlert"/>
  <testcase name="f2" time="0.169" classname="demowebdrivers.DemoAlert"/>
  <testcase name="f3" time="0.169" classname="demowebdrivers.DemoAlert"/>
</testsuite> <!-- demowebdrivers.DemoAlert -->
