<?xml version="1.0" encoding="UTF-8"?>
<!-- Generated by org.testng.reporters.JUnitReportReporter -->
<testsuite skipped="0" hostname="P3ALAP-G01FTQF" name="demowebdrivers.DemoVerifyTitle" tests="1" failures="0" timestamp="05 Nov 2019 07:28:14 GMT" time="1.217" errors="0">
  <testcase name="f" time="1.217" classname="demowebdrivers.DemoVerifyTitle"/>
</testsuite> <!-- demowebdrivers.DemoVerifyTitle -->
