<?xml version="1.0" encoding="UTF-8"?>
<!-- Generated by org.testng.reporters.JUnitReportReporter -->
<testsuite skipped="0" hostname="P3ALAP-G01FTQF" name="PageObjectModel.DemotestDay3" tests="1" failures="0" timestamp="06 Nov 2019 10:52:33 GMT" time="57.509" errors="0">
  <testcase name="f" time="57.509" classname="PageObjectModel.DemotestDay3"/>
</testsuite> <!-- PageObjectModel.DemotestDay3 -->
