<?xml version="1.0" encoding="UTF-8"?>
<!-- Generated by org.testng.reporters.JUnitReportReporter -->
<testsuite skipped="1" hostname="P3ALAP-G01FTQF" name="testngFeature.MercuryTravel" tests="6" failures="0" timestamp="05 Nov 2019 05:54:13 GMT" time="0.012" errors="0">
  <testcase name="OpenBrowser" time="0.008" classname="testngFeature.MercuryTravel"/>
  <testcase name="OpenURL" time="0.001" classname="testngFeature.MercuryTravel"/>
  <testcase name="login" time="0.001" classname="testngFeature.MercuryTravel"/>
  <testcase name="Logout" time="0.001" classname="testngFeature.MercuryTravel"/>
  <testcase name="CloseBrowser" time="0.001" classname="testngFeature.MercuryTravel"/>
  <testcase name="SearchFlight" classname="testngFeature.MercuryTravel">
    <skipped/>
  </testcase> <!-- SearchFlight -->
</testsuite> <!-- testngFeature.MercuryTravel -->
