<?xml version="1.0" encoding="UTF-8"?>
<!-- Generated by org.testng.reporters.JUnitReportReporter -->
<testsuite skipped="0" hostname="P3ALAP-G01FTQF" name="testngFeature.DemoVerify" tests="1" failures="0" timestamp="05 Nov 2019 06:23:11 GMT" time="0.012" errors="0">
  <testcase name="f" time="0.012" classname="testngFeature.DemoVerify"/>
</testsuite> <!-- testngFeature.DemoVerify -->
