<?xml version="1.0" encoding="UTF-8"?>
<!-- Generated by org.testng.reporters.JUnitReportReporter -->
<testsuite skipped="0" hostname="P3ALAP-G01FTQF" name="PageObjectModel.DemoWebShopPOM" tests="2" failures="0" timestamp="06 Nov 2019 10:09:58 GMT" time="9.729" errors="0">
  <testcase name="f" time="4.391" classname="PageObjectModel.DemoWebShopPOM"/>
  <testcase name="f" time="5.338" classname="PageObjectModel.DemoWebShopPOM"/>
</testsuite> <!-- PageObjectModel.DemoWebShopPOM -->
