<?xml version="1.0" encoding="UTF-8"?>
<!-- Generated by org.testng.reporters.JUnitReportReporter -->
<testsuite skipped="0" hostname="P3ALAP-G01FTQF" name="testngFeature.MultipleBrowserTest" tests="3" failures="0" timestamp="04 Nov 2019 12:16:41 GMT" time="45.471" errors="0">
  <testcase name="OpenChrome" time="17.790" classname="testngFeature.MultipleBrowserTest"/>
  <testcase name="OpenFirefox" time="19.281" classname="testngFeature.MultipleBrowserTest"/>
  <testcase name="OpenIE" time="8.400" classname="testngFeature.MultipleBrowserTest"/>
</testsuite> <!-- testngFeature.MultipleBrowserTest -->
