<?xml version="1.0" encoding="UTF-8"?>
<!-- Generated by org.testng.reporters.JUnitReportReporter -->
<testsuite skipped="3" hostname="P3ALAP-G01FTQF" name="testngFeature.MultipleBrowserTest" tests="3" failures="0" timestamp="2019-11-12T10:27:33 IST" time="0.000" errors="0">
  <testcase name="OpenChrome" time="0.000" classname="testngFeature.MultipleBrowserTest">
    <skipped/>
  </testcase> <!-- OpenChrome -->
  <testcase name="OpenFirefox" time="0.000" classname="testngFeature.MultipleBrowserTest">
    <skipped/>
  </testcase> <!-- OpenFirefox -->
  <testcase name="OpenIE" time="0.000" classname="testngFeature.MultipleBrowserTest">
    <skipped/>
  </testcase> <!-- OpenIE -->
</testsuite> <!-- testngFeature.MultipleBrowserTest -->
