<?xml version="1.0" encoding="UTF-8"?>
<!-- Generated by org.testng.reporters.JUnitReportReporter -->
<testsuite skipped="7" hostname="P3ALAP-G01FTQF" name="testngFeature.MercuryTravel" tests="7" failures="0" timestamp="2019-11-12T10:27:33 IST" time="0.000" errors="0">
  <testcase name="OpenBrowser" time="0.000" classname="testngFeature.MercuryTravel">
    <skipped/>
  </testcase> <!-- OpenBrowser -->
  <testcase name="OpenURL" time="0.000" classname="testngFeature.MercuryTravel">
    <skipped/>
  </testcase> <!-- OpenURL -->
  <testcase name="login" time="0.000" classname="testngFeature.MercuryTravel">
    <skipped/>
  </testcase> <!-- login -->
  <testcase name="BookFlight" time="0.000" classname="testngFeature.MercuryTravel">
    <skipped/>
  </testcase> <!-- BookFlight -->
  <testcase name="Logout" time="0.000" classname="testngFeature.MercuryTravel">
    <skipped/>
  </testcase> <!-- Logout -->
  <testcase name="CloseBrowser" time="0.000" classname="testngFeature.MercuryTravel">
    <skipped/>
  </testcase> <!-- CloseBrowser -->
  <testcase name="SearchFlight" classname="testngFeature.MercuryTravel">
    <skipped/>
  </testcase> <!-- SearchFlight -->
</testsuite> <!-- testngFeature.MercuryTravel -->
