<?xml version="1.0" encoding="UTF-8"?>
<!-- Generated by org.testng.reporters.JUnitReportReporter -->
<testsuite skipped="0" hostname="P3ALAP-G01FTQF" name="testngFeature.NewTest" tests="1" failures="0" timestamp="2019-11-12T10:47:20 IST" time="0.001" errors="0">
  <testcase name="f" time="0.001" classname="testngFeature.NewTest"/>
</testsuite> <!-- testngFeature.NewTest -->
