<?xml version="1.0" encoding="UTF-8"?>
<!-- Generated by org.testng.reporters.JUnitReportReporter -->
<testsuite skipped="3" hostname="P3ALAP-G01FTQF" name="testngFeature.DemodependaOn" tests="3" failures="0" timestamp="2019-11-12T10:27:33 IST" time="0.000" errors="0">
  <testcase name="logout" time="0.000" classname="testngFeature.DemodependaOn">
    <skipped/>
  </testcase> <!-- logout -->
  <testcase name="openBrowser" time="0.000" classname="testngFeature.DemodependaOn">
    <skipped/>
  </testcase> <!-- openBrowser -->
  <testcase name="login" time="0.000" classname="testngFeature.DemodependaOn">
    <skipped/>
  </testcase> <!-- login -->
</testsuite> <!-- testngFeature.DemodependaOn -->
