<?xml version="1.0" encoding="UTF-8"?>
<!-- Generated by org.testng.reporters.JUnitReportReporter -->
<testsuite skipped="0" hostname="P3ALAP-G01FTQF" name="testngFeature.DemoDataProvider" tests="3" failures="0" timestamp="2019-11-12T10:47:20 IST" time="0.011" errors="0">
  <testcase name="login" time="0.002" classname="testngFeature.DemoDataProvider"/>
  <testcase name="login" time="0.007" classname="testngFeature.DemoDataProvider"/>
  <testcase name="login" time="0.002" classname="testngFeature.DemoDataProvider"/>
</testsuite> <!-- testngFeature.DemoDataProvider -->
