<?xml version="1.0" encoding="UTF-8"?>
<!-- Generated by org.testng.reporters.JUnitReportReporter -->
<testsuite skipped="0" hostname="P3ALAP-G01FTQF" name="testngFeature.DemodependaOn" tests="3" failures="0" timestamp="2019-11-12T10:47:20 IST" time="0.004" errors="0">
  <testcase name="login" time="0.001" classname="testngFeature.DemodependaOn"/>
  <testcase name="openBrowser" time="0.002" classname="testngFeature.DemodependaOn"/>
  <testcase name="logout" time="0.001" classname="testngFeature.DemodependaOn"/>
</testsuite> <!-- testngFeature.DemodependaOn -->
