<?xml version="1.0" encoding="UTF-8"?>
<!-- Generated by org.testng.reporters.JUnitReportReporter -->
<testsuite skipped="1" hostname="P3ALAP-G01FTQF" name="testngFeature.MercuryTravel" tests="7" failures="0" timestamp="2019-11-12T10:47:20 IST" time="0.020" errors="0">
  <testcase name="OpenBrowser" time="0.006" classname="testngFeature.MercuryTravel"/>
  <testcase name="OpenURL" time="0.003" classname="testngFeature.MercuryTravel"/>
  <testcase name="login" time="0.002" classname="testngFeature.MercuryTravel"/>
  <testcase name="BookFlight" time="0.001" classname="testngFeature.MercuryTravel"/>
  <testcase name="Logout" time="0.006" classname="testngFeature.MercuryTravel"/>
  <testcase name="CloseBrowser" time="0.002" classname="testngFeature.MercuryTravel"/>
  <testcase name="SearchFlight" classname="testngFeature.MercuryTravel">
    <skipped/>
  </testcase> <!-- SearchFlight -->
</testsuite> <!-- testngFeature.MercuryTravel -->
