<?xml version="1.0" encoding="UTF-8"?>
<!-- Generated by org.testng.reporters.JUnitReportReporter -->
<testsuite skipped="4" hostname="P3ALAP-G01FTQF" name="testngFeature.DemoAssertEquals" tests="4" failures="0" timestamp="2019-11-12T10:27:33 IST" time="0.001" errors="0">
  <testcase name="test3" time="0.000" classname="testngFeature.DemoAssertEquals">
    <skipped/>
  </testcase> <!-- test3 -->
  <testcase name="test1" time="0.001" classname="testngFeature.DemoAssertEquals">
    <skipped/>
  </testcase> <!-- test1 -->
  <testcase name="test2" time="0.000" classname="testngFeature.DemoAssertEquals">
    <skipped/>
  </testcase> <!-- test2 -->
  <testcase name="test4" time="0.000" classname="testngFeature.DemoAssertEquals">
    <skipped/>
  </testcase> <!-- test4 -->
</testsuite> <!-- testngFeature.DemoAssertEquals -->
