<?xml version="1.0" encoding="UTF-8"?>
<!-- Generated by org.testng.reporters.JUnitReportReporter -->
<testsuite skipped="3" hostname="P3ALAP-G01FTQF" name="testngFeature.DemoAssertion" tests="3" failures="0" timestamp="2019-11-12T10:27:33 IST" time="0.000" errors="0">
  <testcase name="test1" time="0.000" classname="testngFeature.DemoAssertion">
    <skipped/>
  </testcase> <!-- test1 -->
  <testcase name="test2" time="0.000" classname="testngFeature.DemoAssertion">
    <skipped/>
  </testcase> <!-- test2 -->
  <testcase name="test3" time="0.000" classname="testngFeature.DemoAssertion">
    <skipped/>
  </testcase> <!-- test3 -->
</testsuite> <!-- testngFeature.DemoAssertion -->
